<?xml version="1.0" encoding="UTF-8"?>
<!-- Generated by org.testng.reporters.JUnitXMLReporter -->
<testsuite ignored="0" hostname="Varalakshmis-MacBook-Air.local" failures="0" tests="2" name="Sause Test on Firefox" time="40.397" errors="0" timestamp="2023-03-20T17:22:09 GMT-04:00">
  <testcase classname="SauseLabsTestExecution.SauseLabsTestExecution.SauseTest" name="fireFoxTest" time="19.88"/>
  <testcase classname="SauseLabsTestExecution.SauseLabsTestExecution.SauseTest" name="chromeTest" time="20.398"/>
</testsuite> <!-- Sause Test on Firefox -->
