<?xml version="1.0" encoding="UTF-8"?>
<!-- Generated by org.testng.reporters.JUnitXMLReporter -->
<testsuite ignored="0" hostname="Varalakshmis-MacBook-Air.local" failures="0" tests="2" name="Sause Test on chrome" time="22.894" errors="0" timestamp="2023-03-20T17:21:52 GMT-04:00">
  <testcase classname="SauseLabsTestExecution.SauseLabsTestExecution.SauseTest" name="fireFoxTest" time="13.79"/>
  <testcase classname="SauseLabsTestExecution.SauseLabsTestExecution.SauseTest" name="chromeTest" time="9.012"/>
</testsuite> <!-- Sause Test on chrome -->
